execve("./hello", ["./hello"], [/* 26 vars */]) = 0 <0.006789>
brk(NULL)                               = 0x1407000 <0.000008>
mmap(NULL, 4096, PROT_READ|PROT_WRITE, MAP_PRIVATE|MAP_ANONYMOUS, -1, 0) = 0x7f1181f22000 <0.000009>
access("/etc/ld.so.preload", R_OK)      = -1 ENOENT (No such file or directory) <0.000013>
open("/etc/ld.so.cache", O_RDONLY|O_CLOEXEC) = 3 <0.000013>
fstat(3, {st_mode=S_IFREG|0644, st_size=85207, ...}) = 0 <0.000009>
mmap(NULL, 85207, PROT_READ, MAP_PRIVATE, 3, 0) = 0x7f1181f0d000 <0.000010>
close(3)                                = 0 <0.000009>
open("/lib64/libc.so.6", O_RDONLY|O_CLOEXEC) = 3 <0.000024>
read(3, "\177ELF\2\1\1\3\0\0\0\0\0\0\0\0\3\0>\0\1\0\0\0\20&\2\0\0\0\0\0"..., 832) = 832 <0.000013>
fstat(3, {st_mode=S_IFREG|0755, st_size=2156160, ...}) = 0 <0.000011>
mmap(NULL, 3985888, PROT_READ|PROT_EXEC, MAP_PRIVATE|MAP_DENYWRITE, 3, 0) = 0x7f1181934000 <0.000105>
mprotect(0x7f1181af7000, 2097152, PROT_NONE) = 0 <0.000018>
mmap(0x7f1181cf7000, 24576, PROT_READ|PROT_WRITE, MAP_PRIVATE|MAP_FIXED|MAP_DENYWRITE, 3, 0x1c3000) = 0x7f1181cf7000 <0.000017>
mmap(0x7f1181cfd000, 16864, PROT_READ|PROT_WRITE, MAP_PRIVATE|MAP_FIXED|MAP_ANONYMOUS, -1, 0) = 0x7f1181cfd000 <0.000011>
close(3)                                = 0 <0.000008>
mmap(NULL, 4096, PROT_READ|PROT_WRITE, MAP_PRIVATE|MAP_ANONYMOUS, -1, 0) = 0x7f1181f0c000 <0.000010>
mmap(NULL, 8192, PROT_READ|PROT_WRITE, MAP_PRIVATE|MAP_ANONYMOUS, -1, 0) = 0x7f1181f0a000 <0.000009>
arch_prctl(ARCH_SET_FS, 0x7f1181f0a740) = 0 <0.000009>
mprotect(0x7f1181cf7000, 16384, PROT_READ) = 0 <0.000013>
mprotect(0x600000, 4096, PROT_READ)     = 0 <0.000011>
mprotect(0x7f1181f23000, 4096, PROT_READ) = 0 <0.000014>
munmap(0x7f1181f0d000, 85207)           = 0 <0.000018>
fstat(1, {st_mode=S_IFCHR|0620, st_rdev=makedev(136, 0), ...}) = 0 <0.000010>
mmap(NULL, 4096, PROT_READ|PROT_WRITE, MAP_PRIVATE|MAP_ANONYMOUS, -1, 0) = 0x7f1181f21000 <0.000010>
write(1, "hello world\n", 12)           = 12 <0.000124>
exit_group(0)                           = ?
+++ exited with 0 +++
